2018-09-13 14:28:37,781 DEBUG [Main.lambda$run$0] Arguments: [-ioc, D:\NewProject\YSF4_FOC-015. FOC_v5.2.0_42PMSM_Ecoder\YSF4_FOC-015. FOC_v5.2.0_42PMSM_Ecoder.ioc, -xdm, D:\NewProject\YSF4_FOC-015. FOC_v5.2.0_42PMSM_Ecoder\YSF4_FOC-015. FOC_v5.2.0_42PMSM_Ecoder.wb_def]
2018-09-13 14:28:37,787 DEBUG [ArgsValue.readPropertiesFile] [AppConfig] pack.source = "C:\Program Files (x86)\STMicroelectronics\MC_SDK_5.2.0\Middlewares\ST\MotorControl" 
2018-09-13 14:28:37,788 DEBUG [ArgsValue.readPropertiesFile] [UserConfig] do not exist in "C:\Users\Ging\.st_motor_control\wb2mx.properties" 
2018-09-13 14:28:37,788 DEBUG [ArgsValue.getConfigProperties] pack.source = "../../../../Middlewares/ST/MotorControl"
2018-09-13 14:28:37,806 DEBUG [ArgsValue.lambda$retrieve$2] CLI_ARG[xdm]: D:\NewProject\YSF4_FOC-015. FOC_v5.2.0_42PMSM_Ecoder\YSF4_FOC-015. FOC_v5.2.0_42PMSM_Ecoder.wb_def
2018-09-13 14:28:37,807 DEBUG [ArgsValue.lambda$retrieve$2] CLI_ARG[ioc]: D:\NewProject\YSF4_FOC-015. FOC_v5.2.0_42PMSM_Ecoder\YSF4_FOC-015. FOC_v5.2.0_42PMSM_Ecoder.ioc
2018-09-13 14:28:37,809 DEBUG [ArgsValue.retrieve] {xdm=D:\NewProject\YSF4_FOC-015. FOC_v5.2.0_42PMSM_Ecoder\YSF4_FOC-015. FOC_v5.2.0_42PMSM_Ecoder.wb_def, updftl=templates/wb_ioc_mc-middleware.ftl, mx_timeout=-1, exp=templates/wb-defines_where_and_what.txt, ioc=D:\NewProject\YSF4_FOC-015. FOC_v5.2.0_42PMSM_Ecoder\YSF4_FOC-015. FOC_v5.2.0_42PMSM_Ecoder.ioc, pack=../../../../Middlewares/ST/MotorControl, ftl=templates/wb_ioc_template.ftl}
2018-09-13 14:28:37,841 DEBUG [WindowsCubeMxFinder.lambda$findThem$2] Found 32-bit subkey HKEY_LOCAL_MACHINE\~~~\Uninstall\STM32CubeMX
2018-09-13 14:28:37,849 DEBUG [CubeMxCtx.EXE_version] Loaded path: 'H:\STM32CubeMX\STM32CubeMX.exe'
2018-09-13 14:28:37,850 DEBUG [CubeMxCtx.EXE_version] Loaded updater jar: 'H:\STM32CubeMX\plugins\updater.jar'
2018-09-13 14:28:41,656 DEBUG [EnvironmentChecker.checkPack] STM32CubeMX.Version: 4.26.1-RC3
2018-09-13 14:28:41,784 DEBUG [EnvironmentChecker.checkPack] Waiting for updater to end working process
2018-09-13 14:28:41,885 DEBUG [EnvironmentChecker.checkPack] Updater now available
2018-09-13 14:28:41,888 DEBUG [RetrieveFirmwareVersion.from_PackConfig_xfile] Looking for version from MotorControl_Configs.xml: C:\Program Files (x86)\STMicroelectronics\MC_SDK_5.2.0\Middlewares\ST\MotorControl\MotorControl_Configs.xml
2018-09-13 14:28:41,898 DEBUG [RetrieveFirmwareVersion.minimum_supporte_version] minimum_supporte_version MotorControlFirmware.Version: 5.2.0
2018-09-13 14:28:41,900 DEBUG [EnvironmentChecker.deploy_MCPack_to_MxRepo] Deployment strategy class: VersionedFolderStyle_MCPackDeployer
2018-09-13 14:28:41,900 DEBUG [EnvironmentChecker.deploy_MCPack_to_MxRepo] Expected MC Pack 5.2.0-Full already deployed
2018-09-13 14:28:41,923 DEBUG [DataSetUpdater.update] Updating data set
2018-09-13 14:28:41,923 DEBUG [DataSetUpdater.update] Update done
2018-09-13 14:28:41,924 INFO  [IocGenerator.logModulesVersionInfo] Version info: 
2018-09-13 14:28:41,927 INFO  [IocGenerator.logModulesVersionInfo]   MC Workbench       : 5.2.0.18503
2018-09-13 14:28:41,935 INFO  [IocGenerator.logModulesVersionInfo]   WB_to_Mx           : 0.13.3.template-18-08-02
2018-09-13 14:28:41,938 INFO  [IocGenerator.logModulesVersionInfo]   STM32CubeMX        : 4.26.1
2018-09-13 14:28:41,943 INFO  [IocGenerator.logModulesVersionInfo]   MC Firmware Library: 5.2.0-Full
2018-09-13 14:28:41,945 INFO  [IocGenerator.logModulesVersionInfo] Generation options: 
2018-09-13 14:28:41,949 INFO  [IocGenerator.logModulesVersionInfo]   Target Toolchain   : IAR EWARM
2018-09-13 14:28:41,950 INFO  [IocGenerator.logModulesVersionInfo]   Target Driver      : HAL - Hardware Abstraction Layer

2018-09-13 14:28:41,954 DEBUG [IocGenerator.process] Updating ioc file: D:\NewProject\YSF4_FOC-015. FOC_v5.2.0_42PMSM_Ecoder\YSF4_FOC-015. FOC_v5.2.0_42PMSM_Ecoder.ioc
2018-09-13 14:28:41,967 DEBUG [IocGenerator.createOutput] Generating file from template templates\wb_ioc_mc-middleware.ftl
2018-09-13 14:28:42,350 DEBUG [IocGenerator.process] Updated ioc file D:\NewProject\YSF4_FOC-015. FOC_v5.2.0_42PMSM_Ecoder\YSF4_FOC-015. FOC_v5.2.0_42PMSM_Ecoder.ioc
2018-09-13 14:28:42,352 INFO  [LineInfo_to_exitCode.log_LineInfo] Updated ioc: D:\NewProject\YSF4_FOC-015. FOC_v5.2.0_42PMSM_Ecoder\YSF4_FOC-015. FOC_v5.2.0_42PMSM_Ecoder.ioc
2018-09-13 14:28:42,366 INFO  [Wb2MxProcess.lambda$create_extSettings_file_in$82c805cd$1] Generated D:\NewProject\YSF4_FOC-015. FOC_v5.2.0_42PMSM_Ecoder\.extSettings
2018-09-13 14:28:42,468 DEBUG [CubeMxRunner.create_code_generation_script_for] Generated CubeMx script file: C:\Users\Ging\AppData\Local\Temp\WB_to_Mx-ysffocfocvpmsmecoder-7596184042951494485.script
2018-09-13 14:28:42,482 DEBUG [SignalCatcher.listenTo] Listen to signal INT
2018-09-13 14:28:42,482 DEBUG [SignalCatcher.listenTo] Listen to signal TERM
2018-09-13 14:28:42,482 INFO  [CubeMxRunner.run$] Code generation started
2018-09-13 14:28:42,761 DEBUG [LineInfo_to_exitCode.log_LineInfo] 2018-09-13 14:28:42,757 [INFO] MicroXplorer:478 - Detected Java Version = 1.8.0_151
2018-09-13 14:28:42,763 DEBUG [LineInfo_to_exitCode.log_LineInfo] 2018-09-13 14:28:42,763 [INFO] ApplicationProperties:181 - Using Application install path: H:\STM32CubeMX
2018-09-13 14:28:42,791 DEBUG [LineInfo_to_exitCode.log_LineInfo] 2018-09-13 14:28:42,790 [INFO] DbMcusXml:68 - Set database path to: H:\STM32CubeMX\\db\/mcu/
2018-09-13 14:28:42,797 DEBUG [LineInfo_to_exitCode.log_LineInfo] 2018-09-13 14:28:42,797 [INFO] DbBoardsPdsc:54 - Set plugin database path to: H:\STM32CubeMX\\db\/plugins/boardmanager/
2018-09-13 14:28:42,798 DEBUG [LineInfo_to_exitCode.log_LineInfo] 2018-09-13 14:28:42,797 [INFO] DbMcus:256 - Set plugin images path to: H:\STM32CubeMX\\db\/plugins/mcufinder/images/
2018-09-13 14:28:42,798 DEBUG [LineInfo_to_exitCode.log_LineInfo] 2018-09-13 14:28:42,798 [INFO] DbBoards:230 - Set plugin images path to: H:\STM32CubeMX\\db\/plugins/mcufinder/images/
2018-09-13 14:28:42,799 DEBUG [LineInfo_to_exitCode.log_LineInfo] 2018-09-13 14:28:42,799 [INFO] APIGFXSelector:72 - Set database path to: H:\STM32CubeMX\\db\/plugins/mcufinder/mcu/
2018-09-13 14:28:42,808 DEBUG [LineInfo_to_exitCode.log_LineInfo] 2018-09-13 14:28:42,806 [INFO] DbMcusAds:72 - Set database path to: C:\Users\Ging\.stmcufinder\plugins\mcufinder//mcu/
2018-09-13 14:28:42,810 DEBUG [LineInfo_to_exitCode.log_LineInfo] 2018-09-13 14:28:42,809 [INFO] DbMcusDocs:86 - Set database path to: C:\Users\Ging\.stmcufinder\plugins\mcufinder//mcu/
2018-09-13 14:28:42,812 DEBUG [LineInfo_to_exitCode.log_LineInfo] 2018-09-13 14:28:42,812 [INFO] DbMcusJson:58 - Set database path to: C:\Users\Ging\.stmcufinder\plugins\mcufinder//mcu/
2018-09-13 14:28:42,813 DEBUG [LineInfo_to_exitCode.log_LineInfo] 2018-09-13 14:28:42,813 [INFO] DbBoardsDocs:78 - Set database path to: C:\Users\Ging\.stmcufinder\plugins\mcufinder//mcu/
2018-09-13 14:28:42,814 DEBUG [LineInfo_to_exitCode.log_LineInfo] 2018-09-13 14:28:42,814 [INFO] DbBoardsJson:53 - Set database path to: C:\Users\Ging\.stmcufinder\plugins\mcufinder//mcu/
2018-09-13 14:28:43,000 DEBUG [LineInfo_to_exitCode.log_LineInfo] 2018-09-13 14:28:43,000 [INFO] RulesReader:53 - Compatibility file has been processed (125 Rules)
2018-09-13 14:28:43,018 DEBUG [LineInfo_to_exitCode.log_LineInfo] 2018-09-13 14:28:43,018 [INFO] STM32CubeMX:30 - Starting STM32CubeMX
2018-09-13 14:28:43,526 DEBUG [LineInfo_to_exitCode.log_LineInfo] 2018-09-13 14:28:43,525 [INFO] MainPanel:116 - HeapMemory: 16252928
2018-09-13 14:28:43,682 DEBUG [LineInfo_to_exitCode.log_LineInfo] 2018-09-13 14:28:43,681 [INFO] DbMcusXml:68 - Set database path to: H:\STM32CubeMX\\db\/mcu/
2018-09-13 14:28:43,682 DEBUG [LineInfo_to_exitCode.log_LineInfo] 2018-09-13 14:28:43,682 [INFO] DbBoardsPdsc:54 - Set plugin database path to: H:\STM32CubeMX\\db\/plugins/boardmanager/
2018-09-13 14:28:43,683 DEBUG [LineInfo_to_exitCode.log_LineInfo] 2018-09-13 14:28:43,682 [INFO] DbMcus:256 - Set plugin images path to: H:\STM32CubeMX\\db\/plugins/mcufinder/images/
2018-09-13 14:28:43,683 DEBUG [LineInfo_to_exitCode.log_LineInfo] 2018-09-13 14:28:43,683 [INFO] DbBoards:230 - Set plugin images path to: H:\STM32CubeMX\\db\/plugins/mcufinder/images/
2018-09-13 14:28:43,683 DEBUG [LineInfo_to_exitCode.log_LineInfo] 2018-09-13 14:28:43,683 [INFO] APIGFXSelector:72 - Set database path to: H:\STM32CubeMX\\db\/plugins/mcufinder/mcu/
2018-09-13 14:28:43,684 DEBUG [LineInfo_to_exitCode.log_LineInfo] 2018-09-13 14:28:43,684 [INFO] DbMcusAds:72 - Set database path to: C:\Users\Ging\.stmcufinder\plugins\mcufinder//mcu/
2018-09-13 14:28:43,684 DEBUG [LineInfo_to_exitCode.log_LineInfo] 2018-09-13 14:28:43,684 [INFO] DbMcusDocs:86 - Set database path to: C:\Users\Ging\.stmcufinder\plugins\mcufinder//mcu/
2018-09-13 14:28:43,684 DEBUG [LineInfo_to_exitCode.log_LineInfo] 2018-09-13 14:28:43,684 [INFO] DbMcusJson:58 - Set database path to: C:\Users\Ging\.stmcufinder\plugins\mcufinder//mcu/
2018-09-13 14:28:43,685 DEBUG [LineInfo_to_exitCode.log_LineInfo] 2018-09-13 14:28:43,685 [INFO] DbBoardsDocs:78 - Set database path to: C:\Users\Ging\.stmcufinder\plugins\mcufinder//mcu/
2018-09-13 14:28:43,685 DEBUG [LineInfo_to_exitCode.log_LineInfo] 2018-09-13 14:28:43,685 [INFO] DbBoardsJson:53 - Set database path to: C:\Users\Ging\.stmcufinder\plugins\mcufinder//mcu/
2018-09-13 14:28:43,690 DEBUG [LineInfo_to_exitCode.log_LineInfo] 2018-09-13 14:28:43,690 [INFO] ApplicationProperties:181 - Using Application install path: H:\STM32CubeMX
2018-09-13 14:28:43,691 DEBUG [LineInfo_to_exitCode.log_LineInfo] 2018-09-13 14:28:43,691 [INFO] PluginManage:141 - Search for loadable plugins [exclusion list=]
2018-09-13 14:28:43,693 DEBUG [LineInfo_to_exitCode.log_LineInfo] 2018-09-13 14:28:43,693 [INFO] PluginManage:263 - Check plugin clock
2018-09-13 14:28:43,735 DEBUG [LineInfo_to_exitCode.log_LineInfo] 2018-09-13 14:28:43,735 [INFO] PluginManage:308 - Loaded plugin clock (category:clock,tabindex:1)
2018-09-13 14:28:43,736 DEBUG [LineInfo_to_exitCode.log_LineInfo] 2018-09-13 14:28:43,735 [INFO] PluginManage:263 - Check plugin filemanager
2018-09-13 14:28:43,755 DEBUG [LineInfo_to_exitCode.log_LineInfo] 2018-09-13 14:28:43,754 [INFO] PluginManage:308 - Loaded plugin filemanager (category:base,tabindex:10)
2018-09-13 14:28:43,755 DEBUG [LineInfo_to_exitCode.log_LineInfo] 2018-09-13 14:28:43,755 [INFO] PluginManage:263 - Check plugin ipmanager
2018-09-13 14:28:43,768 DEBUG [LineInfo_to_exitCode.log_LineInfo] 2018-09-13 14:28:43,767 [INFO] PluginManage:308 - Loaded plugin ipmanager (category:base,tabindex:2)
2018-09-13 14:28:43,768 DEBUG [LineInfo_to_exitCode.log_LineInfo] 2018-09-13 14:28:43,768 [INFO] PluginManage:263 - Check plugin pinoutconfig
2018-09-13 14:28:43,789 DEBUG [LineInfo_to_exitCode.log_LineInfo] 2018-09-13 14:28:43,788 [INFO] PluginManage:308 - Loaded plugin pinoutconfig (category:base,tabindex:0)
2018-09-13 14:28:43,789 DEBUG [LineInfo_to_exitCode.log_LineInfo] 2018-09-13 14:28:43,789 [INFO] PluginManage:263 - Check plugin power
2018-09-13 14:28:43,859 DEBUG [LineInfo_to_exitCode.log_LineInfo] 2018-09-13 14:28:43,858 [INFO] PluginManage:308 - Loaded plugin power (category:power,tabindex:3)
2018-09-13 14:28:43,859 DEBUG [LineInfo_to_exitCode.log_LineInfo] 2018-09-13 14:28:43,859 [INFO] PluginManage:263 - Check plugin projectmanager
2018-09-13 14:28:43,913 DEBUG [LineInfo_to_exitCode.log_LineInfo] 2018-09-13 14:28:43,913 [INFO] PluginManage:308 - Loaded plugin projectmanager (category:projectmanager,tabindex:11)
2018-09-13 14:28:43,914 DEBUG [LineInfo_to_exitCode.log_LineInfo] 2018-09-13 14:28:43,913 [INFO] PluginManage:263 - Check plugin thirdparty
2018-09-13 14:28:43,929 DEBUG [LineInfo_to_exitCode.log_LineInfo] 2018-09-13 14:28:43,929 [INFO] ThirdPartyDb:293 - Open Third Party DataBase File (C:/Users/Ging/.stm32cubemx/plugins/thirdparty/db/thirdparties_db.xml) : 1 ms. number of Sw pack : 0
2018-09-13 14:28:43,940 DEBUG [LineInfo_to_exitCode.log_LineInfo] 2018-09-13 14:28:43,940 [INFO] PluginManage:308 - Loaded plugin thirdparty (category:base,tabindex:-1)
2018-09-13 14:28:43,941 DEBUG [LineInfo_to_exitCode.log_LineInfo] 2018-09-13 14:28:43,940 [INFO] PluginManage:263 - Check plugin updater
2018-09-13 14:28:43,949 DEBUG [LineInfo_to_exitCode.log_LineInfo] 2018-09-13 14:28:43,949 [INFO] Updater:171 - Updater Version found : 4.26.1
2018-09-13 14:28:44,042 DEBUG [LineInfo_to_exitCode.log_LineInfo] 2018-09-13 14:28:44,042 [INFO] MainUpdater:193 - Updater Check For Update Now.
2018-09-13 14:28:44,042 DEBUG [LineInfo_to_exitCode.log_LineInfo] 2018-09-13 14:28:44,042 [INFO] MicroXplorer:338 - Change Default Database Version : DB.4.0.261
2018-09-13 14:28:44,043 DEBUG [LineInfo_to_exitCode.log_LineInfo] 2018-09-13 14:28:44,042 [INFO] MicroXplorer:358 - Change Database Version : DB.4.0.261
2018-09-13 14:28:44,043 DEBUG [LineInfo_to_exitCode.log_LineInfo] 2018-09-13 14:28:44,042 [INFO] PluginManage:308 - Loaded plugin updater (category:base,tabindex:12)
2018-09-13 14:28:44,043 DEBUG [LineInfo_to_exitCode.log_LineInfo] 2018-09-13 14:28:44,043 [INFO] PluginManage:236 - PluginManage : ReOrganize retry [4x]
2018-09-13 14:28:44,071 DEBUG [LineInfo_to_exitCode.log_LineInfo] 2018-09-13 14:28:44,070 [INFO] CheckServerUpdateThread:121 - End of CheckServer Thread
2018-09-13 14:28:44,118 DEBUG [LineInfo_to_exitCode.log_LineInfo] 2018-09-13 14:28:44,117 [INFO] PinOutPanel:995 - setPackage(No Configuration,No Configuration)
2018-09-13 14:28:44,145 DEBUG [LineInfo_to_exitCode.log_LineInfo] 2018-09-13 14:28:44,144 [INFO] PluginManager:200 - loadIPPluginJar : add adc
2018-09-13 14:28:44,147 DEBUG [LineInfo_to_exitCode.log_LineInfo] 2018-09-13 14:28:44,147 [INFO] PluginManager:200 - loadIPPluginJar : add can
2018-09-13 14:28:44,149 DEBUG [LineInfo_to_exitCode.log_LineInfo] 2018-09-13 14:28:44,149 [INFO] PluginManager:200 - loadIPPluginJar : add comp
2018-09-13 14:28:44,156 DEBUG [LineInfo_to_exitCode.log_LineInfo] 2018-09-13 14:28:44,156 [INFO] PluginManager:200 - loadIPPluginJar : add cryp
2018-09-13 14:28:44,161 DEBUG [LineInfo_to_exitCode.log_LineInfo] 2018-09-13 14:28:44,160 [INFO] PluginManager:200 - loadIPPluginJar : add dfsdm
2018-09-13 14:28:44,165 DEBUG [LineInfo_to_exitCode.log_LineInfo] 2018-09-13 14:28:44,164 [INFO] PluginManager:200 - loadIPPluginJar : add dma
2018-09-13 14:28:44,166 DEBUG [LineInfo_to_exitCode.log_LineInfo] 2018-09-13 14:28:44,166 [INFO] PluginManager:200 - loadIPPluginJar : add fatfs
2018-09-13 14:28:44,169 DEBUG [LineInfo_to_exitCode.log_LineInfo] 2018-09-13 14:28:44,169 [INFO] PluginManager:200 - loadIPPluginJar : add fmc
2018-09-13 14:28:44,173 DEBUG [LineInfo_to_exitCode.log_LineInfo] 2018-09-13 14:28:44,173 [INFO] PluginManager:200 - loadIPPluginJar : add freertos
2018-09-13 14:28:44,174 DEBUG [LineInfo_to_exitCode.log_LineInfo] 2018-09-13 14:28:44,174 [INFO] PluginManager:200 - loadIPPluginJar : add genericplugin
2018-09-13 14:28:44,176 DEBUG [LineInfo_to_exitCode.log_LineInfo] 2018-09-13 14:28:44,175 [INFO] PluginManager:200 - loadIPPluginJar : add gfxmmu
2018-09-13 14:28:44,178 DEBUG [LineInfo_to_exitCode.log_LineInfo] 2018-09-13 14:28:44,178 [INFO] PluginManager:200 - loadIPPluginJar : add gfxsimulator
2018-09-13 14:28:44,181 DEBUG [LineInfo_to_exitCode.log_LineInfo] 2018-09-13 14:28:44,180 [INFO] PluginManager:200 - loadIPPluginJar : add gpio
2018-09-13 14:28:44,182 DEBUG [LineInfo_to_exitCode.log_LineInfo] 2018-09-13 14:28:44,182 [INFO] PluginManager:200 - loadIPPluginJar : add hash
2018-09-13 14:28:44,184 DEBUG [LineInfo_to_exitCode.log_LineInfo] 2018-09-13 14:28:44,184 [INFO] PluginManager:200 - loadIPPluginJar : add i2c
2018-09-13 14:28:44,186 DEBUG [LineInfo_to_exitCode.log_LineInfo] 2018-09-13 14:28:44,185 [INFO] PluginManager:200 - loadIPPluginJar : add i2s
2018-09-13 14:28:44,187 DEBUG [LineInfo_to_exitCode.log_LineInfo] 2018-09-13 14:28:44,187 [INFO] PluginManager:200 - loadIPPluginJar : add ltdc
2018-09-13 14:28:44,189 DEBUG [LineInfo_to_exitCode.log_LineInfo] 2018-09-13 14:28:44,189 [INFO] PluginManager:200 - loadIPPluginJar : add mdma
2018-09-13 14:28:44,194 DEBUG [LineInfo_to_exitCode.log_LineInfo] 2018-09-13 14:28:44,193 [INFO] PluginManager:200 - loadIPPluginJar : add nvic
2018-09-13 14:28:44,195 DEBUG [LineInfo_to_exitCode.log_LineInfo] 2018-09-13 14:28:44,195 [INFO] PluginManager:200 - loadIPPluginJar : add opamp
2018-09-13 14:28:44,197 DEBUG [LineInfo_to_exitCode.log_LineInfo] 2018-09-13 14:28:44,197 [INFO] PluginManager:200 - loadIPPluginJar : add pdm2pcm
2018-09-13 14:28:44,199 DEBUG [LineInfo_to_exitCode.log_LineInfo] 2018-09-13 14:28:44,199 [INFO] PluginManager:200 - loadIPPluginJar : add plateformsettings
2018-09-13 14:28:44,201 DEBUG [LineInfo_to_exitCode.log_LineInfo] 2018-09-13 14:28:44,200 [INFO] PluginManager:200 - loadIPPluginJar : add quadspi
2018-09-13 14:28:44,221 DEBUG [LineInfo_to_exitCode.log_LineInfo] 2018-09-13 14:28:44,221 [INFO] PluginManager:200 - loadIPPluginJar : add sai
2018-09-13 14:28:44,223 DEBUG [LineInfo_to_exitCode.log_LineInfo] 2018-09-13 14:28:44,223 [INFO] PluginManager:200 - loadIPPluginJar : add spi
2018-09-13 14:28:44,226 DEBUG [LineInfo_to_exitCode.log_LineInfo] 2018-09-13 14:28:44,225 [INFO] PluginManager:200 - loadIPPluginJar : add tim
2018-09-13 14:28:44,228 DEBUG [LineInfo_to_exitCode.log_LineInfo] 2018-09-13 14:28:44,228 [INFO] PluginManager:200 - loadIPPluginJar : add touchsensing
2018-09-13 14:28:44,230 DEBUG [LineInfo_to_exitCode.log_LineInfo] 2018-09-13 14:28:44,230 [INFO] PluginManager:200 - loadIPPluginJar : add ts
2018-09-13 14:28:44,231 DEBUG [LineInfo_to_exitCode.log_LineInfo] 2018-09-13 14:28:44,231 [INFO] PluginManager:200 - loadIPPluginJar : add tsc
2018-09-13 14:28:44,235 DEBUG [LineInfo_to_exitCode.log_LineInfo] 2018-09-13 14:28:44,235 [INFO] PluginManager:200 - loadIPPluginJar : add usart
2018-09-13 14:28:44,327 DEBUG [LineInfo_to_exitCode.log_LineInfo] 2018-09-13 14:28:44,326 [INFO] MicroXplorer:328 - Change Database Path : 
2018-09-13 14:28:44,327 DEBUG [LineInfo_to_exitCode.log_LineInfo] 2018-09-13 14:28:44,326 [INFO] MicroXplorer:358 - Change Database Version : DB.4.0.261
2018-09-13 14:28:44,327 DEBUG [LineInfo_to_exitCode.log_LineInfo] 2018-09-13 14:28:44,327 [INFO] PinOutPanel:995 - setPackage(No Configuration,No Configuration)
2018-09-13 14:28:44,408 DEBUG [LineInfo_to_exitCode.log_LineInfo] 2018-09-13 14:28:44,407 [INFO] MicroXplorer:328 - Change Database Path : 
2018-09-13 14:28:44,408 DEBUG [LineInfo_to_exitCode.log_LineInfo] 2018-09-13 14:28:44,408 [INFO] MicroXplorer:358 - Change Database Version : DB.4.0.261
2018-09-13 14:28:44,408 DEBUG [LineInfo_to_exitCode.log_LineInfo] 2018-09-13 14:28:44,408 [INFO] PinOutPanel:995 - setPackage(No Configuration,No Configuration)
2018-09-13 14:28:44,410 DEBUG [LineInfo_to_exitCode.log_LineInfo] 2018-09-13 14:28:44,410 [INFO] UtilMem:74 - Begin LoadConfig() Used Memory: 12347232 Bytes (20865024)
2018-09-13 14:28:44,411 DEBUG [LineInfo_to_exitCode.log_LineInfo] 2018-09-13 14:28:44,411 [INFO] OpenFileManager:257 - Change cursor
2018-09-13 14:28:46,954 DEBUG [LineInfo_to_exitCode.log_LineInfo] 2018-09-13 14:28:46,954 [INFO] IntegrityCheckThread:94 - End integrity checks thread
2018-09-13 14:28:46,955 DEBUG [LineInfo_to_exitCode.log_LineInfo] 2018-09-13 14:28:46,954 [INFO] ThirdPartyDb:263 - Close Third Party DataBase File (C:/Users/Ging/.stm32cubemx/plugins/thirdparty/db/thirdparties_db.xml)
2018-09-13 14:28:47,567 DEBUG [LineInfo_to_exitCode.log_LineInfo] 2018-09-13 14:28:47,567 [INFO] ImportTextPane:155 - (OptionalMessage_ERROR) IP (ADC1) : Invalid parameter (EnableInjectedConversion)
2018-09-13 14:28:47,569 DEBUG [LineInfo_to_exitCode.log_LineInfo] 2018-09-13 14:28:47,568 [INFO] ImportTextPane:155 - (OptionalMessage_ERROR) IP (ADC1) : Parameter (Rank) has Id (1#ChannelInjectedConversion) currently not set
2018-09-13 14:28:47,569 DEBUG [LineInfo_to_exitCode.log_LineInfo] 2018-09-13 14:28:47,569 [INFO] ImportTextPane:155 - (OptionalMessage_ERROR) IP (ADC1) : Parameter (Channel) has Id (1#ChannelInjectedConversion) currently not set
2018-09-13 14:28:47,569 DEBUG [LineInfo_to_exitCode.log_LineInfo] 2018-09-13 14:28:47,569 [INFO] ImportTextPane:155 - (OptionalMessage_ERROR) IP (ADC1) : Parameter (SamplingTime) has Id (1#ChannelInjectedConversion) currently not set
2018-09-13 14:28:47,569 DEBUG [LineInfo_to_exitCode.log_LineInfo] 2018-09-13 14:28:47,569 [INFO] ImportTextPane:155 - (OptionalMessage_ERROR) IP (ADC1) : Parameter (InjectedOffset) has Id (1#ChannelInjectedConversion) currently not set
2018-09-13 14:28:47,570 DEBUG [LineInfo_to_exitCode.log_LineInfo] 2018-09-13 14:28:47,569 [INFO] ImportTextPane:155 - (OptionalMessage_ERROR) IP (ADC1) : Parameter (Rank) has Id (2#ChannelInjectedConversion) currently not set
2018-09-13 14:28:47,570 DEBUG [LineInfo_to_exitCode.log_LineInfo] 2018-09-13 14:28:47,569 [INFO] ImportTextPane:155 - (OptionalMessage_ERROR) IP (ADC1) : Parameter (Channel) has Id (2#ChannelInjectedConversion) currently not set
2018-09-13 14:28:47,570 DEBUG [LineInfo_to_exitCode.log_LineInfo] 2018-09-13 14:28:47,570 [INFO] ImportTextPane:155 - (OptionalMessage_ERROR) IP (ADC1) : Parameter (SamplingTime) has Id (2#ChannelInjectedConversion) currently not set
2018-09-13 14:28:47,570 DEBUG [LineInfo_to_exitCode.log_LineInfo] 2018-09-13 14:28:47,570 [INFO] ImportTextPane:155 - (OptionalMessage_ERROR) IP (ADC1) : Parameter (InjectedOffset) has Id (2#ChannelInjectedConversion) currently not set
2018-09-13 14:28:47,570 DEBUG [LineInfo_to_exitCode.log_LineInfo] 2018-09-13 14:28:47,570 [INFO] ImportTextPane:155 - (OptionalMessage_ERROR) IP (ADC1) : Parameter (Rank) has Id (3#ChannelInjectedConversion) currently not set
2018-09-13 14:28:47,570 DEBUG [LineInfo_to_exitCode.log_LineInfo] 2018-09-13 14:28:47,570 [INFO] ImportTextPane:155 - (OptionalMessage_ERROR) IP (ADC1) : Parameter (Channel) has Id (3#ChannelInjectedConversion) currently not set
2018-09-13 14:28:47,571 DEBUG [LineInfo_to_exitCode.log_LineInfo] 2018-09-13 14:28:47,570 [INFO] ImportTextPane:155 - (OptionalMessage_ERROR) IP (ADC1) : Parameter (SamplingTime) has Id (3#ChannelInjectedConversion) currently not set
2018-09-13 14:28:47,571 DEBUG [LineInfo_to_exitCode.log_LineInfo] 2018-09-13 14:28:47,571 [INFO] ImportTextPane:155 - (OptionalMessage_ERROR) IP (ADC1) : Parameter (InjectedOffset) has Id (3#ChannelInjectedConversion) currently not set
2018-09-13 14:28:47,571 DEBUG [LineInfo_to_exitCode.log_LineInfo] 2018-09-13 14:28:47,571 [INFO] ImportTextPane:155 - (OptionalMessage_ERROR) IP (ADC1) : Invalid parameter (EnableRegularConversion)
2018-09-13 14:28:47,572 DEBUG [LineInfo_to_exitCode.log_LineInfo] 2018-09-13 14:28:47,571 [INFO] ImportTextPane:155 - (OptionalMessage_ERROR) IP (ADC1) : Parameter (Rank) has Id (1#ChannelRegularConversion) currently not set
2018-09-13 14:28:47,572 DEBUG [LineInfo_to_exitCode.log_LineInfo] 2018-09-13 14:28:47,572 [INFO] ImportTextPane:155 - (OptionalMessage_ERROR) IP (ADC1) : Parameter (Channel) has Id (1#ChannelRegularConversion) currently not set
2018-09-13 14:28:47,572 DEBUG [LineInfo_to_exitCode.log_LineInfo] 2018-09-13 14:28:47,572 [INFO] ImportTextPane:155 - (OptionalMessage_ERROR) IP (ADC1) : Parameter (SamplingTime) has Id (1#ChannelRegularConversion) currently not set
2018-09-13 14:28:47,572 DEBUG [LineInfo_to_exitCode.log_LineInfo] 2018-09-13 14:28:47,572 [INFO] ImportTextPane:155 - (OptionalMessage_ERROR) IP (ADC1) : Invalid parameter (OffsetNumber)
2018-09-13 14:28:47,572 DEBUG [LineInfo_to_exitCode.log_LineInfo] 2018-09-13 14:28:47,572 [INFO] ImportTextPane:155 - (OptionalMessage_ERROR) IP (ADC1) : Parameter (Offset) has Id (1#ChannelRegularConversion) currently not set
2018-09-13 14:28:47,573 DEBUG [LineInfo_to_exitCode.log_LineInfo] 2018-09-13 14:28:47,572 [INFO] ImportTextPane:155 - (OptionalMessage_ERROR) IP (ADC1) : Parameter (Rank) has Id (2#ChannelRegularConversion) currently not set
2018-09-13 14:28:47,573 DEBUG [LineInfo_to_exitCode.log_LineInfo] 2018-09-13 14:28:47,573 [INFO] ImportTextPane:155 - (OptionalMessage_ERROR) IP (ADC1) : Parameter (Channel) has Id (2#ChannelRegularConversion) currently not set
2018-09-13 14:28:47,573 DEBUG [LineInfo_to_exitCode.log_LineInfo] 2018-09-13 14:28:47,573 [INFO] ImportTextPane:155 - (OptionalMessage_ERROR) IP (ADC1) : Parameter (SamplingTime) has Id (2#ChannelRegularConversion) currently not set
2018-09-13 14:28:47,573 DEBUG [LineInfo_to_exitCode.log_LineInfo] 2018-09-13 14:28:47,573 [INFO] ImportTextPane:155 - (OptionalMessage_ERROR) IP (ADC1) : Invalid parameter (OffsetNumber)
2018-09-13 14:28:47,573 DEBUG [LineInfo_to_exitCode.log_LineInfo] 2018-09-13 14:28:47,573 [INFO] ImportTextPane:155 - (OptionalMessage_ERROR) IP (ADC1) : Parameter (Offset) has Id (2#ChannelRegularConversion) currently not set
2018-09-13 14:28:47,574 DEBUG [LineInfo_to_exitCode.log_LineInfo] 2018-09-13 14:28:47,573 [INFO] ImportTextPane:155 - (OptionalMessage_ERROR) IP (ADC2) : Invalid parameter (EnableInjectedConversion)
2018-09-13 14:28:47,575 DEBUG [LineInfo_to_exitCode.log_LineInfo] 2018-09-13 14:28:47,575 [INFO] ImportTextPane:155 - (OptionalMessage_ERROR) IP (ADC2) : Parameter (Rank) has Id (1#ChannelInjectedConversion) currently not set
2018-09-13 14:28:47,575 DEBUG [LineInfo_to_exitCode.log_LineInfo] 2018-09-13 14:28:47,575 [INFO] ImportTextPane:155 - (OptionalMessage_ERROR) IP (ADC2) : Parameter (Channel) has Id (1#ChannelInjectedConversion) currently not set
2018-09-13 14:28:47,576 DEBUG [LineInfo_to_exitCode.log_LineInfo] 2018-09-13 14:28:47,575 [INFO] ImportTextPane:155 - (OptionalMessage_ERROR) IP (ADC2) : Parameter (SamplingTime) has Id (1#ChannelInjectedConversion) currently not set
2018-09-13 14:28:47,576 DEBUG [LineInfo_to_exitCode.log_LineInfo] 2018-09-13 14:28:47,575 [INFO] ImportTextPane:155 - (OptionalMessage_ERROR) IP (ADC2) : Parameter (InjectedOffset) has Id (1#ChannelInjectedConversion) currently not set
2018-09-13 14:28:47,576 DEBUG [LineInfo_to_exitCode.log_LineInfo] 2018-09-13 14:28:47,575 [INFO] ImportTextPane:155 - (OptionalMessage_ERROR) IP (ADC2) : Parameter (Rank) has Id (2#ChannelInjectedConversion) currently not set
2018-09-13 14:28:47,576 DEBUG [LineInfo_to_exitCode.log_LineInfo] 2018-09-13 14:28:47,576 [INFO] ImportTextPane:155 - (OptionalMessage_ERROR) IP (ADC2) : Parameter (Channel) has Id (2#ChannelInjectedConversion) currently not set
2018-09-13 14:28:47,576 DEBUG [LineInfo_to_exitCode.log_LineInfo] 2018-09-13 14:28:47,576 [INFO] ImportTextPane:155 - (OptionalMessage_ERROR) IP (ADC2) : Parameter (SamplingTime) has Id (2#ChannelInjectedConversion) currently not set
2018-09-13 14:28:47,576 DEBUG [LineInfo_to_exitCode.log_LineInfo] 2018-09-13 14:28:47,576 [INFO] ImportTextPane:155 - (OptionalMessage_ERROR) IP (ADC2) : Parameter (InjectedOffset) has Id (2#ChannelInjectedConversion) currently not set
2018-09-13 14:28:47,576 DEBUG [LineInfo_to_exitCode.log_LineInfo] 2018-09-13 14:28:47,576 [INFO] ImportTextPane:155 - (OptionalMessage_ERROR) IP (ADC2) : Parameter (Rank) has Id (3#ChannelInjectedConversion) currently not set
2018-09-13 14:28:47,576 DEBUG [LineInfo_to_exitCode.log_LineInfo] 2018-09-13 14:28:47,576 [INFO] ImportTextPane:155 - (OptionalMessage_ERROR) IP (ADC2) : Parameter (Channel) has Id (3#ChannelInjectedConversion) currently not set
2018-09-13 14:28:47,577 DEBUG [LineInfo_to_exitCode.log_LineInfo] 2018-09-13 14:28:47,576 [INFO] ImportTextPane:155 - (OptionalMessage_ERROR) IP (ADC2) : Parameter (SamplingTime) has Id (3#ChannelInjectedConversion) currently not set
2018-09-13 14:28:47,577 DEBUG [LineInfo_to_exitCode.log_LineInfo] 2018-09-13 14:28:47,576 [INFO] ImportTextPane:155 - (OptionalMessage_ERROR) IP (ADC2) : Parameter (InjectedOffset) has Id (3#ChannelInjectedConversion) currently not set
2018-09-13 14:28:47,577 DEBUG [LineInfo_to_exitCode.log_LineInfo] 2018-09-13 14:28:47,576 [INFO] ImportTextPane:155 - (OptionalMessage_ERROR) IP (ADC2) : Invalid parameter (EnableRegularConversion)
2018-09-13 14:28:47,577 DEBUG [LineInfo_to_exitCode.log_LineInfo] 2018-09-13 14:28:47,577 [INFO] ImportTextPane:155 - (OptionalMessage_ERROR) IP (ADC2) : Parameter (Rank) has Id (1#ChannelRegularConversion) currently not set
2018-09-13 14:28:47,577 DEBUG [LineInfo_to_exitCode.log_LineInfo] 2018-09-13 14:28:47,577 [INFO] ImportTextPane:155 - (OptionalMessage_ERROR) IP (ADC2) : Parameter (Channel) has Id (1#ChannelRegularConversion) currently not set
2018-09-13 14:28:47,577 DEBUG [LineInfo_to_exitCode.log_LineInfo] 2018-09-13 14:28:47,577 [INFO] ImportTextPane:155 - (OptionalMessage_ERROR) IP (ADC2) : Parameter (SamplingTime) has Id (1#ChannelRegularConversion) currently not set
2018-09-13 14:28:47,684 DEBUG [LineInfo_to_exitCode.log_LineInfo] 2018-09-13 14:28:47,684 [INFO] ImportTextPane:155 - (OptionalMessage_ERROR) IP (MotorControl) : Invalid parameter (CPU_CLK_168_MHZ)
2018-09-13 14:28:47,685 DEBUG [LineInfo_to_exitCode.log_LineInfo] 2018-09-13 14:28:47,685 [INFO] ImportTextPane:155 - (OptionalMessage_ERROR) IP (MotorControl) : Invalid parameter (EXT_CLK_8_MHZ)
2018-09-13 14:28:47,687 DEBUG [LineInfo_to_exitCode.log_LineInfo] 2018-09-13 14:28:47,687 [INFO] ImportTextPane:155 - (OptionalMessage_ERROR) IP (MotorControl) : Parameter (INRUSH_CURRLIMIT_AT_POWER_ON) has invalid value (true)
2018-09-13 14:28:47,687 DEBUG [LineInfo_to_exitCode.log_LineInfo] 2018-09-13 14:28:47,687 [INFO] ImportTextPane:155 - (OptionalMessage_ERROR) IP (MotorControl) : Invalid parameter (MAX_MODULATION_99_PER_CENT)
2018-09-13 14:28:47,687 DEBUG [LineInfo_to_exitCode.log_LineInfo] 2018-09-13 14:28:47,687 [INFO] ImportTextPane:155 - (OptionalMessage_ERROR) IP (MotorControl) : Invalid parameter (MC_WORKBENCH_VERSION)
2018-09-13 14:28:47,688 DEBUG [LineInfo_to_exitCode.log_LineInfo] 2018-09-13 14:28:47,687 [INFO] ImportTextPane:155 - (OptionalMessage_ERROR) IP (MotorControl) : Invalid parameter (MCU)
2018-09-13 14:28:47,688 DEBUG [LineInfo_to_exitCode.log_LineInfo] 2018-09-13 14:28:47,688 [INFO] ImportTextPane:155 - (OptionalMessage_ERROR) IP (MotorControl) : Invalid parameter (MOTOR_TYPE)
2018-09-13 14:28:47,688 DEBUG [LineInfo_to_exitCode.log_LineInfo] 2018-09-13 14:28:47,688 [INFO] ImportTextPane:155 - (OptionalMessage_ERROR) IP (MotorControl) : Invalid parameter (OCP_COMP_THRESHOLD)
2018-09-13 14:28:47,689 DEBUG [LineInfo_to_exitCode.log_LineInfo] 2018-09-13 14:28:47,689 [INFO] ImportTextPane:155 - (OptionalMessage_ERROR) IP (MotorControl) : Parameter (OVERCURR_FEEDBACK_POLARITY) has invalid value (EMSTOP_ACTIVE_LOW)
2018-09-13 14:28:47,694 DEBUG [LineInfo_to_exitCode.log_LineInfo] 2018-09-13 14:28:47,694 [INFO] ImportTextPane:155 - (OptionalMessage_ERROR) IP (MotorControl) : Invalid parameter (WB_to_Mx_template_version)
2018-09-13 14:28:47,694 DEBUG [LineInfo_to_exitCode.log_LineInfo] 2018-09-13 14:28:47,694 [INFO] ImportTextPane:155 - (OptionalMessage_ERROR) IP (MotorControl) : Invalid parameter (WB_to_Mx_version)
2018-09-13 14:28:47,694 DEBUG [LineInfo_to_exitCode.log_LineInfo] 2018-09-13 14:28:47,694 [INFO] ImportTextPane:155 - (OptionalMessage_ERROR) IP (RCC) : Parameter (48MHZClocksFreq_Value) has invalid value (84000000)
2018-09-13 14:28:47,695 DEBUG [LineInfo_to_exitCode.log_LineInfo] 2018-09-13 14:28:47,695 [INFO] ImportTextPane:155 - (OptionalMessage_ERROR) IP (RCC) : Parameter (RTCHSEDivFreq_Value) has invalid value (4000000)
2018-09-13 14:28:47,704 DEBUG [LineInfo_to_exitCode.log_LineInfo] 2018-09-13 14:28:47,704 [INFO] ImportTextPane:155 - (OptionalMessage_ERROR) IP (TIM8) : Parameter (Pulse) has Id (PWM Generation1 CH1) currently not set
2018-09-13 14:28:47,705 DEBUG [LineInfo_to_exitCode.log_LineInfo] 2018-09-13 14:28:47,704 [INFO] ImportTextPane:155 - (OptionalMessage_ERROR) IP (TIM8) : Parameter (Pulse) has Id (PWM Generation2 CH2) currently not set
2018-09-13 14:28:47,705 DEBUG [LineInfo_to_exitCode.log_LineInfo] 2018-09-13 14:28:47,704 [INFO] ImportTextPane:155 - (OptionalMessage_ERROR) IP (TIM8) : Parameter (Pulse) has Id (PWM Generation3 CH3) currently not set
2018-09-13 14:28:48,292 DEBUG [LineInfo_to_exitCode.log_LineInfo] 2018-09-13 14:28:48,292 [INFO] UtilMem:74 - End LoadConfig() Used Memory: 77162992 Bytes (119623680)
2018-09-13 14:28:48,414 DEBUG [LineInfo_to_exitCode.log_LineInfo] 2018-09-13 14:28:48,414 [INFO] ThirdPartyDb:293 - Open Third Party DataBase File (C:/Users/Ging/.stm32cubemx/plugins/thirdparty/db/thirdparties_db.xml) : 0 ms. number of Sw pack : 0
2018-09-13 14:28:48,711 DEBUG [LineInfo_to_exitCode.log_LineInfo] 2018-09-13 14:28:48,710 [INFO] PinOutPanel:995 - setPackage(No Configuration,No Configuration)
2018-09-13 14:28:48,711 DEBUG [LineInfo_to_exitCode.log_LineInfo] 2018-09-13 14:28:48,711 [INFO] PinOutPanel:995 - setPackage(STM32F407IGHx,UFBGA176)
2018-09-13 14:28:50,311 DEBUG [LineInfo_to_exitCode.log_LineInfo] 2018-09-13 14:28:50,311 [INFO] UtilMem:74 - Before build in PCC Used Memory: 95481424 Bytes (119623680)
2018-09-13 14:28:50,537 DEBUG [LineInfo_to_exitCode.log_LineInfo] 2018-09-13 14:28:50,536 [INFO] SharedServices:56 - Folder for power plug-in: C:/Users/Ging/.stm32cubemx/plugins/power
2018-09-13 14:28:50,537 DEBUG [LineInfo_to_exitCode.log_LineInfo] 2018-09-13 14:28:50,537 [INFO] UtilMem:74 - After build in PCC Used Memory: 85163552 Bytes (119623680)
2018-09-13 14:28:50,578 DEBUG [LineInfo_to_exitCode.log_LineInfo] 2018-09-13 14:28:50,578 [INFO] OpenFileManager:275 - Restore cursor
2018-09-13 14:28:50,623 DEBUG [LineInfo_to_exitCode.log_LineInfo] 2018-09-13 14:28:50,623 [INFO] DbMcusXml:106 - Load MCU database from H:\STM32CubeMX\\db\/mcu/families.xml
2018-09-13 14:28:51,290 DEBUG [LineInfo_to_exitCode.log_LineInfo] 2018-09-13 14:28:51,290 [INFO] DbMcusJson:86 - JSON generation date=Tue Jul 17 21:19:56 CST 2018 (1531833596)
2018-09-13 14:28:51,758 DEBUG [LineInfo_to_exitCode.log_LineInfo] 2018-09-13 14:28:51,757 [INFO] DbMcus:186 - Found 1181 MCUs (1139 are supported by CubeMX, 1139 are visible in CubeMX)
2018-09-13 14:28:51,758 DEBUG [LineInfo_to_exitCode.log_LineInfo] 2018-09-13 14:28:51,758 [INFO] ApiDb:146 - User favorites file not found: C:\Users\Ging/.stm32cubemx/favorites.mcus.txt
2018-09-13 14:28:51,758 DEBUG [LineInfo_to_exitCode.log_LineInfo] 2018-09-13 14:28:51,758 [INFO] DbMcus:197 - Set 0 / 0 favorites MCUs
2018-09-13 14:28:52,569 DEBUG [LineInfo_to_exitCode.log_LineInfo] 2018-09-13 14:28:52,568 [INFO] UtilMem:74 - End SaveConfig() Used Memory: 205918944 Bytes (256163840)
2018-09-13 14:28:52,601 DEBUG [LineInfo_to_exitCode.log_LineInfo] 2018-09-13 14:28:52,601 [INFO] BlockDiagram:1142 - set Specific Code input for plugin: MotorControl
2018-09-13 14:28:52,601 DEBUG [LineInfo_to_exitCode.log_LineInfo] 2018-09-13 14:28:52,601 [INFO] BlockDiagram:1142 - set Specific Code input for plugin: TIM1_8
2018-09-13 14:28:52,601 DEBUG [LineInfo_to_exitCode.log_LineInfo] 2018-09-13 14:28:52,601 [INFO] BlockDiagram:1142 - set Specific Code input for plugin: ADC
2018-09-13 14:28:52,602 DEBUG [LineInfo_to_exitCode.log_LineInfo] 2018-09-13 14:28:52,601 [INFO] BlockDiagram:1142 - set Specific Code input for plugin: SYS
2018-09-13 14:28:52,602 DEBUG [LineInfo_to_exitCode.log_LineInfo] 2018-09-13 14:28:52,601 [INFO] BlockDiagram:1142 - set Specific Code input for plugin: ADC
2018-09-13 14:28:52,602 DEBUG [LineInfo_to_exitCode.log_LineInfo] 2018-09-13 14:28:52,601 [INFO] BlockDiagram:1142 - set Specific Code input for plugin: RCC
2018-09-13 14:28:52,602 DEBUG [LineInfo_to_exitCode.log_LineInfo] 2018-09-13 14:28:52,602 [INFO] BlockDiagram:1142 - set Specific Code input for plugin: NVIC
2018-09-13 14:28:52,602 DEBUG [LineInfo_to_exitCode.log_LineInfo] 2018-09-13 14:28:52,602 [INFO] BlockDiagram:1142 - set Specific Code input for plugin: USART
2018-09-13 14:28:52,602 DEBUG [LineInfo_to_exitCode.log_LineInfo] 2018-09-13 14:28:52,602 [INFO] BlockDiagram:1142 - set Specific Code input for plugin: DAC
2018-09-13 14:28:52,602 DEBUG [LineInfo_to_exitCode.log_LineInfo] 2018-09-13 14:28:52,602 [INFO] BlockDiagram:1142 - set Specific Code input for plugin: TIM1_8
2018-09-13 14:28:52,734 DEBUG [LineInfo_to_exitCode.log_LineInfo] 2018-09-13 14:28:52,733 [INFO] CodeGenerator:502 - code generatio: config db path: H:\STM32CubeMX\\db\
2018-09-13 14:28:53,023 DEBUG [LineInfo_to_exitCode.log_LineInfo] 2018-09-13 14:28:53,023 [INFO] CodeEngine:184 - oldGeneratedFile, D:\NewProject\YSF4_FOC-015. FOC_v5.2.0_42PMSM_Ecoder\MXTmpFiles\license.tmp_save
2018-09-13 14:28:53,218 DEBUG [LineInfo_to_exitCode.log_LineInfo] 2018-09-13 14:28:53,218 [INFO] CodeEngine:202 - Generated code: D:\NewProject\YSF4_FOC-015. FOC_v5.2.0_42PMSM_Ecoder\MXTmpFiles\license.tmp
2018-09-13 14:28:53,327 DEBUG [LineInfo_to_exitCode.log_LineInfo] 2018-09-13 14:28:53,326 [INFO] CodeEngine:184 - oldGeneratedFile, D:\NewProject\YSF4_FOC-015. FOC_v5.2.0_42PMSM_Ecoder\MXTmpFiles\gpio.tmp_save
2018-09-13 14:28:53,406 DEBUG [LineInfo_to_exitCode.log_LineInfo] 2018-09-13 14:28:53,405 [INFO] CodeEngine:202 - Generated code: D:\NewProject\YSF4_FOC-015. FOC_v5.2.0_42PMSM_Ecoder\MXTmpFiles\gpio.tmp
2018-09-13 14:28:54,388 DEBUG [LineInfo_to_exitCode.log_LineInfo] 2018-09-13 14:28:54,388 [INFO] ApiDbMcu:310 - Load IP Config File for MotorControl
2018-09-13 14:28:54,446 DEBUG [LineInfo_to_exitCode.log_LineInfo] 2018-09-13 14:28:54,446 [INFO] Middleware:891 - No code input for Bsp Dependency
2018-09-13 14:28:54,510 DEBUG [LineInfo_to_exitCode.log_LineInfo] 2018-09-13 14:28:54,510 [INFO] CodeEngine:184 - oldGeneratedFile, D:\NewProject\YSF4_FOC-015. FOC_v5.2.0_42PMSM_Ecoder\Src\motorcontrol.c_save
2018-09-13 14:28:54,572 INFO  [LineInfo_to_exitCode.log_LineInfo] Generated code: D:\NewProject\YSF4_FOC-015. FOC_v5.2.0_42PMSM_Ecoder\Src\motorcontrol.c
2018-09-13 14:28:54,597 DEBUG [LineInfo_to_exitCode.log_LineInfo] 2018-09-13 14:28:54,597 [INFO] CodeEngine:184 - oldGeneratedFile, D:\NewProject\YSF4_FOC-015. FOC_v5.2.0_42PMSM_Ecoder\Inc\motorcontrol.h_save
2018-09-13 14:28:54,674 INFO  [LineInfo_to_exitCode.log_LineInfo] Generated code: D:\NewProject\YSF4_FOC-015. FOC_v5.2.0_42PMSM_Ecoder\Inc\motorcontrol.h
2018-09-13 14:28:54,705 DEBUG [LineInfo_to_exitCode.log_LineInfo] 2018-09-13 14:28:54,705 [INFO] CodeEngine:184 - oldGeneratedFile, D:\NewProject\YSF4_FOC-015. FOC_v5.2.0_42PMSM_Ecoder\Inc\drive_parameters.h_save
2018-09-13 14:28:54,805 INFO  [LineInfo_to_exitCode.log_LineInfo] Generated code: D:\NewProject\YSF4_FOC-015. FOC_v5.2.0_42PMSM_Ecoder\Inc\drive_parameters.h
2018-09-13 14:28:54,830 DEBUG [LineInfo_to_exitCode.log_LineInfo] 2018-09-13 14:28:54,830 [INFO] CodeEngine:184 - oldGeneratedFile, D:\NewProject\YSF4_FOC-015. FOC_v5.2.0_42PMSM_Ecoder\Inc\mc_tasks.h_save
2018-09-13 14:28:54,890 INFO  [LineInfo_to_exitCode.log_LineInfo] Generated code: D:\NewProject\YSF4_FOC-015. FOC_v5.2.0_42PMSM_Ecoder\Inc\mc_tasks.h
2018-09-13 14:28:54,921 DEBUG [LineInfo_to_exitCode.log_LineInfo] 2018-09-13 14:28:54,921 [INFO] CodeEngine:184 - oldGeneratedFile, D:\NewProject\YSF4_FOC-015. FOC_v5.2.0_42PMSM_Ecoder\Src\mc_api.c_save
2018-09-13 14:28:55,015 INFO  [LineInfo_to_exitCode.log_LineInfo] Generated code: D:\NewProject\YSF4_FOC-015. FOC_v5.2.0_42PMSM_Ecoder\Src\mc_api.c
2018-09-13 14:28:55,046 DEBUG [LineInfo_to_exitCode.log_LineInfo] 2018-09-13 14:28:55,046 [INFO] CodeEngine:184 - oldGeneratedFile, D:\NewProject\YSF4_FOC-015. FOC_v5.2.0_42PMSM_Ecoder\Src\motor_control_protocol.c_save
2018-09-13 14:28:55,135 INFO  [LineInfo_to_exitCode.log_LineInfo] Generated code: D:\NewProject\YSF4_FOC-015. FOC_v5.2.0_42PMSM_Ecoder\Src\motor_control_protocol.c
2018-09-13 14:28:55,167 DEBUG [LineInfo_to_exitCode.log_LineInfo] 2018-09-13 14:28:55,167 [INFO] CodeEngine:184 - oldGeneratedFile, D:\NewProject\YSF4_FOC-015. FOC_v5.2.0_42PMSM_Ecoder\Inc\mc_api.h_save
2018-09-13 14:28:55,231 INFO  [LineInfo_to_exitCode.log_LineInfo] Generated code: D:\NewProject\YSF4_FOC-015. FOC_v5.2.0_42PMSM_Ecoder\Inc\mc_api.h
2018-09-13 14:28:55,274 DEBUG [LineInfo_to_exitCode.log_LineInfo] 2018-09-13 14:28:55,274 [INFO] CodeEngine:184 - oldGeneratedFile, D:\NewProject\YSF4_FOC-015. FOC_v5.2.0_42PMSM_Ecoder\Src\mc_config.c_save
2018-09-13 14:28:55,424 INFO  [LineInfo_to_exitCode.log_LineInfo] Generated code: D:\NewProject\YSF4_FOC-015. FOC_v5.2.0_42PMSM_Ecoder\Src\mc_config.c
2018-09-13 14:28:55,450 DEBUG [LineInfo_to_exitCode.log_LineInfo] 2018-09-13 14:28:55,450 [INFO] CodeEngine:184 - oldGeneratedFile, D:\NewProject\YSF4_FOC-015. FOC_v5.2.0_42PMSM_Ecoder\Inc\mc_config.h_save
2018-09-13 14:28:55,518 INFO  [LineInfo_to_exitCode.log_LineInfo] Generated code: D:\NewProject\YSF4_FOC-015. FOC_v5.2.0_42PMSM_Ecoder\Inc\mc_config.h
2018-09-13 14:28:55,545 DEBUG [LineInfo_to_exitCode.log_LineInfo] 2018-09-13 14:28:55,544 [INFO] CodeEngine:184 - oldGeneratedFile, D:\NewProject\YSF4_FOC-015. FOC_v5.2.0_42PMSM_Ecoder\Inc\mc_stm_types.h_save
2018-09-13 14:28:55,611 INFO  [LineInfo_to_exitCode.log_LineInfo] Generated code: D:\NewProject\YSF4_FOC-015. FOC_v5.2.0_42PMSM_Ecoder\Inc\mc_stm_types.h
2018-09-13 14:28:55,642 DEBUG [LineInfo_to_exitCode.log_LineInfo] 2018-09-13 14:28:55,642 [INFO] CodeEngine:184 - oldGeneratedFile, D:\NewProject\YSF4_FOC-015. FOC_v5.2.0_42PMSM_Ecoder\Src\mc_tasks.c_save
2018-09-13 14:28:55,846 INFO  [LineInfo_to_exitCode.log_LineInfo] Generated code: D:\NewProject\YSF4_FOC-015. FOC_v5.2.0_42PMSM_Ecoder\Src\mc_tasks.c
2018-09-13 14:28:55,882 DEBUG [LineInfo_to_exitCode.log_LineInfo] 2018-09-13 14:28:55,881 [INFO] CodeEngine:184 - oldGeneratedFile, D:\NewProject\YSF4_FOC-015. FOC_v5.2.0_42PMSM_Ecoder\Src\regular_conversion_manager.c_save
2018-09-13 14:28:55,972 INFO  [LineInfo_to_exitCode.log_LineInfo] Generated code: D:\NewProject\YSF4_FOC-015. FOC_v5.2.0_42PMSM_Ecoder\Src\regular_conversion_manager.c
2018-09-13 14:28:56,001 DEBUG [LineInfo_to_exitCode.log_LineInfo] 2018-09-13 14:28:56,000 [INFO] CodeEngine:184 - oldGeneratedFile, D:\NewProject\YSF4_FOC-015. FOC_v5.2.0_42PMSM_Ecoder\Inc\regular_conversion_manager.h_save
2018-09-13 14:28:56,076 INFO  [LineInfo_to_exitCode.log_LineInfo] Generated code: D:\NewProject\YSF4_FOC-015. FOC_v5.2.0_42PMSM_Ecoder\Inc\regular_conversion_manager.h
2018-09-13 14:28:56,106 DEBUG [LineInfo_to_exitCode.log_LineInfo] 2018-09-13 14:28:56,106 [INFO] CodeEngine:184 - oldGeneratedFile, D:\NewProject\YSF4_FOC-015. FOC_v5.2.0_42PMSM_Ecoder\Inc\parameters_conversion.h_save
2018-09-13 14:28:56,200 INFO  [LineInfo_to_exitCode.log_LineInfo] Generated code: D:\NewProject\YSF4_FOC-015. FOC_v5.2.0_42PMSM_Ecoder\Inc\parameters_conversion.h
2018-09-13 14:28:56,232 DEBUG [LineInfo_to_exitCode.log_LineInfo] 2018-09-13 14:28:56,232 [INFO] CodeEngine:184 - oldGeneratedFile, D:\NewProject\YSF4_FOC-015. FOC_v5.2.0_42PMSM_Ecoder\Inc\parameters_conversion_f4xx.h_save
2018-09-13 14:28:56,298 INFO  [LineInfo_to_exitCode.log_LineInfo] Generated code: D:\NewProject\YSF4_FOC-015. FOC_v5.2.0_42PMSM_Ecoder\Inc\parameters_conversion_f4xx.h
2018-09-13 14:28:56,329 DEBUG [LineInfo_to_exitCode.log_LineInfo] 2018-09-13 14:28:56,328 [INFO] CodeEngine:184 - oldGeneratedFile, D:\NewProject\YSF4_FOC-015. FOC_v5.2.0_42PMSM_Ecoder\Inc\pmsm_motor_parameters.h_save
2018-09-13 14:28:56,400 INFO  [LineInfo_to_exitCode.log_LineInfo] Generated code: D:\NewProject\YSF4_FOC-015. FOC_v5.2.0_42PMSM_Ecoder\Inc\pmsm_motor_parameters.h
2018-09-13 14:28:56,430 DEBUG [LineInfo_to_exitCode.log_LineInfo] 2018-09-13 14:28:56,430 [INFO] CodeEngine:184 - oldGeneratedFile, D:\NewProject\YSF4_FOC-015. FOC_v5.2.0_42PMSM_Ecoder\Inc\power_stage_parameters.h_save
2018-09-13 14:28:56,493 INFO  [LineInfo_to_exitCode.log_LineInfo] Generated code: D:\NewProject\YSF4_FOC-015. FOC_v5.2.0_42PMSM_Ecoder\Inc\power_stage_parameters.h
2018-09-13 14:28:56,524 DEBUG [LineInfo_to_exitCode.log_LineInfo] 2018-09-13 14:28:56,524 [INFO] CodeEngine:184 - oldGeneratedFile, D:\NewProject\YSF4_FOC-015. FOC_v5.2.0_42PMSM_Ecoder\Src\stm32f4xx_mc_it.c_save
2018-09-13 14:28:56,814 INFO  [LineInfo_to_exitCode.log_LineInfo] Generated code: D:\NewProject\YSF4_FOC-015. FOC_v5.2.0_42PMSM_Ecoder\Src\stm32f4xx_mc_it.c
2018-09-13 14:28:56,910 DEBUG [LineInfo_to_exitCode.log_LineInfo] 2018-09-13 14:28:56,909 [INFO] CodeEngine:184 - oldGeneratedFile, D:\NewProject\YSF4_FOC-015. FOC_v5.2.0_42PMSM_Ecoder\Inc\mc_parameters.h_save
2018-09-13 14:28:56,992 INFO  [LineInfo_to_exitCode.log_LineInfo] Generated code: D:\NewProject\YSF4_FOC-015. FOC_v5.2.0_42PMSM_Ecoder\Inc\mc_parameters.h
2018-09-13 14:28:57,026 DEBUG [LineInfo_to_exitCode.log_LineInfo] 2018-09-13 14:28:57,025 [INFO] CodeEngine:184 - oldGeneratedFile, D:\NewProject\YSF4_FOC-015. FOC_v5.2.0_42PMSM_Ecoder\Src\mc_parameters.c_save
2018-09-13 14:28:57,177 INFO  [LineInfo_to_exitCode.log_LineInfo] Generated code: D:\NewProject\YSF4_FOC-015. FOC_v5.2.0_42PMSM_Ecoder\Src\mc_parameters.c
2018-09-13 14:28:57,245 DEBUG [LineInfo_to_exitCode.log_LineInfo] 2018-09-13 14:28:57,244 [INFO] CodeEngine:184 - oldGeneratedFile, D:\NewProject\YSF4_FOC-015. FOC_v5.2.0_42PMSM_Ecoder\Src\ui_task.c_save
2018-09-13 14:28:57,454 INFO  [LineInfo_to_exitCode.log_LineInfo] Generated code: D:\NewProject\YSF4_FOC-015. FOC_v5.2.0_42PMSM_Ecoder\Src\ui_task.c
2018-09-13 14:28:57,552 DEBUG [LineInfo_to_exitCode.log_LineInfo] 2018-09-13 14:28:57,552 [INFO] CodeEngine:184 - oldGeneratedFile, D:\NewProject\YSF4_FOC-015. FOC_v5.2.0_42PMSM_Ecoder\Inc\ui_task.h_save
2018-09-13 14:28:57,651 INFO  [LineInfo_to_exitCode.log_LineInfo] Generated code: D:\NewProject\YSF4_FOC-015. FOC_v5.2.0_42PMSM_Ecoder\Inc\ui_task.h
2018-09-13 14:28:57,686 DEBUG [LineInfo_to_exitCode.log_LineInfo] 2018-09-13 14:28:57,686 [INFO] CodeEngine:184 - oldGeneratedFile, D:\NewProject\YSF4_FOC-015. FOC_v5.2.0_42PMSM_Ecoder\Src\user_interface.c_save
2018-09-13 14:28:57,786 INFO  [LineInfo_to_exitCode.log_LineInfo] Generated code: D:\NewProject\YSF4_FOC-015. FOC_v5.2.0_42PMSM_Ecoder\Src\user_interface.c
2018-09-13 14:28:57,834 DEBUG [LineInfo_to_exitCode.log_LineInfo] 2018-09-13 14:28:57,834 [INFO] CodeEngine:184 - oldGeneratedFile, D:\NewProject\YSF4_FOC-015. FOC_v5.2.0_42PMSM_Ecoder\Inc\user_interface.h_save
2018-09-13 14:28:57,921 INFO  [LineInfo_to_exitCode.log_LineInfo] Generated code: D:\NewProject\YSF4_FOC-015. FOC_v5.2.0_42PMSM_Ecoder\Inc\user_interface.h
2018-09-13 14:28:57,957 DEBUG [LineInfo_to_exitCode.log_LineInfo] 2018-09-13 14:28:57,956 [INFO] CodeEngine:184 - oldGeneratedFile, D:\NewProject\YSF4_FOC-015. FOC_v5.2.0_42PMSM_Ecoder\Src\stm32f4xx_it.c_save
2018-09-13 14:28:58,036 INFO  [LineInfo_to_exitCode.log_LineInfo] Generated code: D:\NewProject\YSF4_FOC-015. FOC_v5.2.0_42PMSM_Ecoder\Src\stm32f4xx_it.c
2018-09-13 14:28:58,060 DEBUG [LineInfo_to_exitCode.log_LineInfo] 2018-09-13 14:28:58,060 [INFO] CodeEngine:184 - oldGeneratedFile, D:\NewProject\YSF4_FOC-015. FOC_v5.2.0_42PMSM_Ecoder\Inc\stm32f4xx_it.h_save
2018-09-13 14:28:58,119 INFO  [LineInfo_to_exitCode.log_LineInfo] Generated code: D:\NewProject\YSF4_FOC-015. FOC_v5.2.0_42PMSM_Ecoder\Inc\stm32f4xx_it.h
2018-09-13 14:28:58,153 DEBUG [LineInfo_to_exitCode.log_LineInfo] 2018-09-13 14:28:58,153 [INFO] CodeEngine:184 - oldGeneratedFile, D:\NewProject\YSF4_FOC-015. FOC_v5.2.0_42PMSM_Ecoder\Src\stm32f4xx_hal_msp.c_save
2018-09-13 14:28:58,315 INFO  [LineInfo_to_exitCode.log_LineInfo] Generated code: D:\NewProject\YSF4_FOC-015. FOC_v5.2.0_42PMSM_Ecoder\Src\stm32f4xx_hal_msp.c
2018-09-13 14:28:58,335 DEBUG [LineInfo_to_exitCode.log_LineInfo] 2018-09-13 14:28:58,335 [INFO] CodeEngine:184 - oldGeneratedFile, D:\NewProject\YSF4_FOC-015. FOC_v5.2.0_42PMSM_Ecoder\MXTmpFiles\system.tmp_save
2018-09-13 14:28:58,387 DEBUG [LineInfo_to_exitCode.log_LineInfo] 2018-09-13 14:28:58,386 [INFO] CodeEngine:202 - Generated code: D:\NewProject\YSF4_FOC-015. FOC_v5.2.0_42PMSM_Ecoder\MXTmpFiles\system.tmp
2018-09-13 14:28:58,414 DEBUG [LineInfo_to_exitCode.log_LineInfo] 2018-09-13 14:28:58,413 [INFO] CodeEngine:184 - oldGeneratedFile, D:\NewProject\YSF4_FOC-015. FOC_v5.2.0_42PMSM_Ecoder\Inc\stm32f4xx_hal_conf.h_save
2018-09-13 14:28:58,499 INFO  [LineInfo_to_exitCode.log_LineInfo] Generated code: D:\NewProject\YSF4_FOC-015. FOC_v5.2.0_42PMSM_Ecoder\Inc\stm32f4xx_hal_conf.h
2018-09-13 14:28:58,553 DEBUG [LineInfo_to_exitCode.log_LineInfo] 2018-09-13 14:28:58,553 [INFO] CodeEngine:184 - oldGeneratedFile, D:\NewProject\YSF4_FOC-015. FOC_v5.2.0_42PMSM_Ecoder\Inc\main.h_save
2018-09-13 14:28:58,617 INFO  [LineInfo_to_exitCode.log_LineInfo] Generated code: D:\NewProject\YSF4_FOC-015. FOC_v5.2.0_42PMSM_Ecoder\Inc\main.h
2018-09-13 14:28:58,647 DEBUG [LineInfo_to_exitCode.log_LineInfo] 2018-09-13 14:28:58,647 [INFO] CodeEngine:184 - oldGeneratedFile, D:\NewProject\YSF4_FOC-015. FOC_v5.2.0_42PMSM_Ecoder\Src\main.c_save
2018-09-13 14:28:58,780 INFO  [LineInfo_to_exitCode.log_LineInfo] Generated code: D:\NewProject\YSF4_FOC-015. FOC_v5.2.0_42PMSM_Ecoder\Src\main.c
2018-09-13 14:28:59,057 DEBUG [LineInfo_to_exitCode.log_LineInfo] 2018-09-13 14:28:59,057 [INFO] ProjectBuilder:1234 - Time for Copy HAL[0] : 141mS.
2018-09-13 14:28:59,068 DEBUG [LineInfo_to_exitCode.log_LineInfo] 2018-09-13 14:28:59,068 [INFO] ProjectBuilder:1722 - Project Generator version: 2.29.2
2018-09-13 14:28:59,078 DEBUG [LineInfo_to_exitCode.log_LineInfo] 2018-09-13 14:28:59,078 [INFO] ConfigFileManager:635 - The Die is : DIE413
2018-09-13 14:29:02,033 DEBUG [LineInfo_to_exitCode.log_LineInfo] 2018-09-13 14:29:02,033 [INFO] ConfigFileManager:983 - mx.scratch is deleted!
2018-09-13 14:29:02,033 DEBUG [LineInfo_to_exitCode.log_LineInfo] 2018-09-13 14:29:02,033 [INFO] ProjectBuilder:1788 - Time for Generating toolchain IDE Files: 2973mS.
2018-09-13 14:29:02,897 DEBUG [LineInfo_to_exitCode.log_LineInfo] 2018-09-13 14:29:02,896 [INFO] ProjectBuilder:1138 - Time for Copy CMSIS : 863mS.
2018-09-13 14:29:03,549 DEBUG [LineInfo_to_exitCode.log_LineInfo] 2018-09-13 14:29:03,548 [INFO] ProjectBuilder:1138 - Time for Copy CMSIS : 651mS.
2018-09-13 14:29:05,703 INFO  [Main.lambda$run$0] Code generation completed
2018-09-13 14:29:05,703 DEBUG [Main.lambda$run$0] System exists with return code 0
